---------------------------------------------------------------
[ 2019-11-01T20:16:48+08:00 ] 127.0.0.1 GET www.pyg.com/
[运行时间：2.915926s] [吞吐率：0.34req/s] [内存消耗：4,081.07kb] [文件加载：63]
[ info ] [ LANG ] E:\pyg\pyg\thinkphp\lang\zh-cn.php
[ info ] [ ROUTE ] array (
  'type' => 'module',
  'module' => 
  array (
    0 => '',
    1 => NULL,
    2 => NULL,
  ),
)
[ info ] [ HEADER ] array (
  'cookie' => 'pgv_pvi=7816463360',
  'accept-language' => 'zh-CN,zh;q=0.9',
  'accept-encoding' => 'gzip, deflate',
  'accept' => 'text/html,application/xhtml+xml,application/xml;q=0.9,image/webp,image/apng,*/*;q=0.8,application/signed-exchange;v=b3',
  'user-agent' => 'Mozilla/5.0 (Windows NT 10.0; Win64; x64) AppleWebKit/537.36 (KHTML, like Gecko) Chrome/77.0.3865.120 Safari/537.36',
  'upgrade-insecure-requests' => '1',
  'connection' => 'close',
  'host' => 'www.pyg.com',
)
[ info ] [ PARAM ] array (
)
[ info ] [ CACHE ] INIT redis
[ info ] [ DB ] INIT mysql
[ info ] [ RUN ] app\home\controller\Index->index[ E:\pyg\pyg\application\home\controller\Index.php ]
[ info ] [ VIEW ] E:\pyg\pyg\public/../application/home\view\index\index.html [ array (
  0 => 'category',
  1 => 'lives',
) ]
[ info ] [ SESSION ] INIT array (
  'id' => '',
  'var_session_id' => '',
  'prefix' => 'think',
  'type' => '',
  'auto_start' => true,
)
[ info ] [ LOG ] INIT File
[ sql ] [ DB ] CONNECT:[ UseTime:0.025362s ] mysql:host=127.0.0.1;port=3306;dbname=pyg;charset=utf8
[ sql ] [ SQL ] SHOW COLUMNS FROM `pyg_category` [ RunTime:0.087677s ]
[ sql ] [ SQL ] SELECT * FROM `pyg_category` [ RunTime:0.006967s ]
[ sql ] [ SQL ] SHOW COLUMNS FROM `pyg_live` [ RunTime:0.065971s ]
[ sql ] [ SQL ] SELECT * FROM `pyg_live` ORDER BY `id` DESC LIMIT 6 [ RunTime:0.000727s ]
---------------------------------------------------------------
[ 2019-11-01T20:16:49+08:00 ] 127.0.0.1 GET www.pyg.com/uploads/live/20190731/2d59e70a060d377d10123cf62f8cee4f.png
[运行时间：0.337572s] [吞吐率：2.96req/s] [内存消耗：1,241.18kb] [文件加载：37]
[ info ] [ LANG ] E:\pyg\pyg\thinkphp\lang\zh-cn.php
[ info ] [ ROUTE ] array (
  'type' => 'module',
  'module' => 
  array (
    0 => 'uploads',
    1 => 'live',
    2 => '20190731',
  ),
)
[ info ] [ HEADER ] array (
  'cookie' => 'pgv_pvi=7816463360; PHPSESSID=s5ifb7i6otn6vlfka23k48njnk',
  'accept-language' => 'zh-CN,zh;q=0.9',
  'accept-encoding' => 'gzip, deflate',
  'referer' => 'http://www.pyg.com/',
  'accept' => 'image/webp,image/apng,image/*,*/*;q=0.8',
  'user-agent' => 'Mozilla/5.0 (Windows NT 10.0; Win64; x64) AppleWebKit/537.36 (KHTML, like Gecko) Chrome/77.0.3865.120 Safari/537.36',
  'connection' => 'close',
  'host' => 'www.pyg.com',
)
[ info ] [ PARAM ] array (
  '/uploads/live/20190731/2d59e70a060d377d10123cf62f8cee4f_png' => '',
)
[ info ] [ LOG ] INIT File
---------------------------------------------------------------
[ 2019-11-01T20:18:27+08:00 ] 127.0.0.1 GET www.pyg.com/home/login/index.html
[运行时间：0.147219s] [吞吐率：6.79req/s] [内存消耗：1,605.25kb] [文件加载：48]
[ info ] [ LANG ] E:\pyg\pyg\thinkphp\lang\zh-cn.php
[ info ] [ ROUTE ] array (
  'type' => 'module',
  'module' => 
  array (
    0 => 'home',
    1 => 'login',
    2 => 'index',
  ),
)
[ info ] [ HEADER ] array (
  'cookie' => 'pgv_pvi=7816463360; PHPSESSID=s5ifb7i6otn6vlfka23k48njnk',
  'accept-language' => 'zh-CN,zh;q=0.9',
  'accept-encoding' => 'gzip, deflate',
  'referer' => 'http://www.pyg.com/',
  'accept' => 'text/html,application/xhtml+xml,application/xml;q=0.9,image/webp,image/apng,*/*;q=0.8,application/signed-exchange;v=b3',
  'user-agent' => 'Mozilla/5.0 (Windows NT 10.0; Win64; x64) AppleWebKit/537.36 (KHTML, like Gecko) Chrome/77.0.3865.120 Safari/537.36',
  'upgrade-insecure-requests' => '1',
  'connection' => 'close',
  'host' => 'www.pyg.com',
)
[ info ] [ PARAM ] array (
  '/home/login/index_html' => '',
)
[ info ] [ RUN ] app\home\controller\Login->index[ E:\pyg\pyg\application\home\controller\Login.php ]
[ info ] [ VIEW ] E:\pyg\pyg\public/../application/home\view\login\index.html [ array (
) ]
[ info ] [ LOG ] INIT File
---------------------------------------------------------------
[ 2019-11-01T20:18:27+08:00 ] 127.0.0.1 GET www.pyg.com/home/img/wx_cz.jpg
[运行时间：0.043713s] [吞吐率：22.88req/s] [内存消耗：1,243.56kb] [文件加载：40]
[ info ] [ LANG ] E:\pyg\pyg\thinkphp\lang\zh-cn.php
[ info ] [ ROUTE ] array (
  'type' => 'module',
  'module' => 
  array (
    0 => 'home',
    1 => 'img',
    2 => 'wx_cz.jpg',
  ),
)
[ info ] [ HEADER ] array (
  'cookie' => 'pgv_pvi=7816463360; PHPSESSID=s5ifb7i6otn6vlfka23k48njnk',
  'accept-language' => 'zh-CN,zh;q=0.9',
  'accept-encoding' => 'gzip, deflate',
  'referer' => 'http://www.pyg.com/home/login/index.html',
  'accept' => 'image/webp,image/apng,image/*,*/*;q=0.8',
  'user-agent' => 'Mozilla/5.0 (Windows NT 10.0; Win64; x64) AppleWebKit/537.36 (KHTML, like Gecko) Chrome/77.0.3865.120 Safari/537.36',
  'connection' => 'close',
  'host' => 'www.pyg.com',
)
[ info ] [ PARAM ] array (
  '/home/img/wx_cz_jpg' => '',
)
[ info ] [ LOG ] INIT File
